<?xml version="1.0" encoding="UTF-8"?>
<!-- Generated by org.testng.reporters.JUnitXMLReporter -->
<testsuite ignored="6" hostname="PE-HO-274" failures="0" tests="1" name="Default test" time="133.507" errors="0" timestamp="19 sep. 2022 14:38:45 GMT">
  <testcase classname="com.AdministracionSolicitudesNuevos.test.BloqueantesUETest" name="QuitarPermisoEmailUE" time="130.326"/>
  <testcase classname="com.AdministracionSolicitudesNuevos.test.BloqueantesUETest" name="VisualizarContenedorUE" time="0.0">
    <ignored/>
  </testcase> <!-- VisualizarContenedorUE -->
  <testcase classname="com.AdministracionSolicitudesNuevos.test.BloqueantesUETest" name="FuncionamientoSinBloqueosUE" time="0.0">
    <ignored/>
  </testcase> <!-- FuncionamientoSinBloqueosUE -->
  <testcase classname="com.AdministracionSolicitudesNuevos.test.BloqueantesUETest" name="QuitarPermisoEliminarUE" time="0.0">
    <ignored/>
  </testcase> <!-- QuitarPermisoEliminarUE -->
  <testcase classname="com.AdministracionSolicitudesNuevos.test.BloqueantesUETest" name="QuitarPermisoBoqueoUE" time="0.0">
    <ignored/>
  </testcase> <!-- QuitarPermisoBoqueoUE -->
  <testcase classname="com.AdministracionSolicitudesNuevos.test.BloqueantesUETest" name="QuitarPermisoFirmaUE" time="0.0">
    <ignored/>
  </testcase> <!-- QuitarPermisoFirmaUE -->
  <testcase classname="com.AdministracionSolicitudesNuevos.test.BloqueantesUETest" name="QuitarPermisoPerfilUE" time="0.0">
    <ignored/>
  </testcase> <!-- QuitarPermisoPerfilUE -->
</testsuite> <!-- Default test -->
