<?xml version="1.0" encoding="UTF-8"?>
<!-- Generated by org.testng.reporters.JUnitXMLReporter -->
<testsuite ignored="5" hostname="PE-HO-274" failures="0" tests="1" name="Default test" time="187.592" errors="0" timestamp="23 sep. 2022 18:31:01 GMT">
  <testcase classname="com.AdministracionUsuariosNuevos.test.BloqueantesUETest" name="QuitarPermisoEmailUE" time="183.492"/>
  <testcase classname="com.AdministracionUsuariosNuevos.test.BloqueantesUETest" name="QuitarPermisoBoqueoUE" time="0.0">
    <ignored/>
  </testcase> <!-- QuitarPermisoBoqueoUE -->
  <testcase classname="com.AdministracionUsuariosNuevos.test.BloqueantesUETest" name="FuncionamientoSinBloqueosUE" time="0.0">
    <ignored/>
  </testcase> <!-- FuncionamientoSinBloqueosUE -->
  <testcase classname="com.AdministracionUsuariosNuevos.test.BloqueantesUETest" name="DesasociarUsuario" time="0.0">
    <ignored/>
  </testcase> <!-- DesasociarUsuario -->
  <testcase classname="com.AdministracionUsuariosNuevos.test.BloqueantesUETest" name="QuitarPermisoFirmaUE" time="0.0">
    <ignored/>
  </testcase> <!-- QuitarPermisoFirmaUE -->
  <testcase classname="com.AdministracionUsuariosNuevos.test.BloqueantesUETest" name="VisualizarContenedorUE" time="0.0">
    <ignored/>
  </testcase> <!-- VisualizarContenedorUE -->
</testsuite> <!-- Default test -->
