<?xml version="1.0" encoding="UTF-8"?>
<testng-results ignored="6" total="7" passed="1" failed="0" skipped="0">
  <reporter-output>
  </reporter-output>
  <suite started-at="2022-09-19T14:36:31Z" name="Default suite" finished-at="2022-09-19T14:38:44Z" duration-ms="133507">
    <groups>
    </groups>
    <test started-at="2022-09-19T14:36:31Z" name="Default test" finished-at="2022-09-19T14:38:44Z" duration-ms="133507">
      <class name="com.AdministracionSolicitudesNuevos.test.BloqueantesUETest">
        <test-method is-config="true" signature="inicializar()[pri:0, instance:com.AdministracionSolicitudesNuevos.test.BloqueantesUETest@31f20c9f]" started-at="2022-09-19T14:36:31Z" name="inicializar" finished-at="2022-09-19T14:36:34Z" duration-ms="2728" status="PASS">
          <reporter-output>
          </reporter-output>
        </test-method> <!-- inicializar -->
        <test-method signature="QuitarPermisoEmailUE()[pri:0, instance:com.AdministracionSolicitudesNuevos.test.BloqueantesUETest@31f20c9f]" started-at="2022-09-19T14:36:34Z" name="QuitarPermisoEmailUE" description="Al quitar el permiso de enviar email, aunque muestre la imagen, el clic no permite enviar el correo." finished-at="2022-09-19T14:38:44Z" duration-ms="130326" status="PASS">
          <reporter-output>
          </reporter-output>
        </test-method> <!-- QuitarPermisoEmailUE -->
        <test-method is-config="true" signature="tearDown()[pri:0, instance:com.AdministracionSolicitudesNuevos.test.BloqueantesUETest@31f20c9f]" started-at="2022-09-19T14:38:44Z" name="tearDown" finished-at="2022-09-19T14:38:44Z" duration-ms="251" status="PASS">
          <reporter-output>
          </reporter-output>
        </test-method> <!-- tearDown -->
      </class> <!-- com.AdministracionSolicitudesNuevos.test.BloqueantesUETest -->
    </test> <!-- Default test -->
  </suite> <!-- Default suite -->
</testng-results>
