<?xml version="1.0" encoding="UTF-8"?>
<testng-results ignored="10" total="11" passed="1" failed="0" skipped="0">
  <reporter-output>
  </reporter-output>
  <suite started-at="2022-09-22T16:32:28Z" name="Default suite" finished-at="2022-09-22T16:33:02Z" duration-ms="34240">
    <groups>
    </groups>
    <test started-at="2022-09-22T16:32:28Z" name="Default test" finished-at="2022-09-22T16:33:02Z" duration-ms="34240">
      <class name="com.AdministracionFiniquitos.test.CrearTest">
        <test-method is-config="true" signature="inicializar()[pri:0, instance:com.AdministracionFiniquitos.test.CrearTest@5432c277]" started-at="2022-09-22T16:32:28Z" name="inicializar" finished-at="2022-09-22T16:32:31Z" duration-ms="2768" status="PASS">
          <reporter-output>
          </reporter-output>
        </test-method> <!-- inicializar -->
        <test-method signature="ConsultarFCPPortalFedepalma()[pri:0, instance:com.AdministracionFiniquitos.test.CrearTest@5432c277]" started-at="2022-09-22T16:32:31Z" name="ConsultarFCPPortalFedepalma" description="Consultar Formulario Administracion FCP" finished-at="2022-09-22T16:33:02Z" duration-ms="31036" status="PASS">
          <reporter-output>
          </reporter-output>
        </test-method> <!-- ConsultarFCPPortalFedepalma -->
        <test-method is-config="true" signature="tearDown()[pri:0, instance:com.AdministracionFiniquitos.test.CrearTest@5432c277]" started-at="2022-09-22T16:33:02Z" name="tearDown" finished-at="2022-09-22T16:33:02Z" duration-ms="218" status="PASS">
          <reporter-output>
          </reporter-output>
        </test-method> <!-- tearDown -->
      </class> <!-- com.AdministracionFiniquitos.test.CrearTest -->
    </test> <!-- Default test -->
  </suite> <!-- Default suite -->
</testng-results>
